app/build/outputs/logs/manifest-merger-debug-report.txt
-- Merging decision tree log ---
manifest
ADDED from src/main/AndroidManifest.xml:2:1-66:12
	xmlns:android
		ADDED from src/main/AndroidManifest.xml:2:11-69
	package
		ADDED from src/main/AndroidManifest.xml:3:11-44
		INJECTED from src/main/AndroidManifest.xml
		INJECTED from src/main/AndroidManifest.xml
	android:versionName
		ADDED from src/main/AndroidManifest.xml:5:11-34
	android:versionCode
		ADDED from src/main/AndroidManifest.xml:4:11-34
		INJECTED from src/main/AndroidManifest.xml
		INJECTED from src/main/AndroidManifest.xml
	android:installLocation
		ADDED from src/main/AndroidManifest.xml:6:11-41
supports-screens
ADDED from src/main/AndroidManifest.xml:9:3-17:11
	android:largeScreens
		ADDED from src/main/AndroidManifest.xml:12:9-36
	android:anyDensity
		ADDED from src/main/AndroidManifest.xml:13:9-34
	android:normalScreens
		ADDED from src/main/AndroidManifest.xml:11:9-37
	android:xlargeScreens
		ADDED from src/main/AndroidManifest.xml:15:9-37
	android:smallScreens
		ADDED from src/main/AndroidManifest.xml:10:9-36
application
ADDED from src/main/AndroidManifest.xml:19:3-50:17
	android:label
		ADDED from src/main/AndroidManifest.xml:19:16-47
	android:icon
		ADDED from src/main/AndroidManifest.xml:20:16-45
	android:hardwareAccelerated
		ADDED from src/main/AndroidManifest.xml:21:7-41
meta-data#fullscreen
ADDED from src/main/AndroidManifest.xml:25:5-61
	android:name
		ADDED from src/main/AndroidManifest.xml:25:16-41
	android:value
		ADDED from src/main/AndroidManifest.xml:25:42-59
meta-data#wakelock
ADDED from src/main/AndroidManifest.xml:26:5-59
	android:name
		ADDED from src/main/AndroidManifest.xml:26:16-39
	android:value
		ADDED from src/main/AndroidManifest.xml:26:40-57
activity#org.renpy.android.PythonActivity
ADDED from src/main/AndroidManifest.xml:29:5-42:16
	android:windowSoftInputMode
		ADDED from src/main/AndroidManifest.xml:35:15-62
	android:screenOrientation
		ADDED from src/main/AndroidManifest.xml:34:15-52
	android:label
		ADDED from src/main/AndroidManifest.xml:30:15-47
	android:configChanges
		ADDED from src/main/AndroidManifest.xml:31:6-144
	android:process
		ADDED from src/main/AndroidManifest.xml:33:15-40
	android:name
		ADDED from src/main/AndroidManifest.xml:29:15-62
	android:launchMode
		ADDED from src/main/AndroidManifest.xml:32:15-46
intent-filter#android.intent.action.MAIN+android.intent.category.LAUNCHER
ADDED from src/main/AndroidManifest.xml:37:7-40:23
action#android.intent.action.MAIN
ADDED from src/main/AndroidManifest.xml:38:9-61
	android:name
		ADDED from src/main/AndroidManifest.xml:38:17-58
category#android.intent.category.LAUNCHER
ADDED from src/main/AndroidManifest.xml:39:9-69
	android:name
		ADDED from src/main/AndroidManifest.xml:39:19-66
service#org.renpy.android.PythonService
ADDED from src/main/AndroidManifest.xml:44:5-45:48
	android:process
		ADDED from src/main/AndroidManifest.xml:45:14-46
	android:name
		ADDED from src/main/AndroidManifest.xml:44:14-60
uses-sdk
ADDED from src/main/AndroidManifest.xml:52:3-71
	android:targetSdkVersion
		ADDED from src/main/AndroidManifest.xml:52:40-69
		INJECTED from src/main/AndroidManifest.xml
		INJECTED from src/main/AndroidManifest.xml
	android:minSdkVersion
		ADDED from src/main/AndroidManifest.xml:52:13-39
		INJECTED from src/main/AndroidManifest.xml
		INJECTED from src/main/AndroidManifest.xml
uses-permission#android.permission.WRITE_EXTERNAL_STORAGE
ADDED from src/main/AndroidManifest.xml:54:3-79
	android:name
		ADDED from src/main/AndroidManifest.xml:54:20-76
uses-permission#android.permission.INTERNET
ADDED from src/main/AndroidManifest.xml:58:3-65
	android:name
		ADDED from src/main/AndroidManifest.xml:58:20-62
uses-feature#0x00020000
ADDED from src/main/AndroidManifest.xml:65:1-50
	android:glEsVersion
		ADDED from src/main/AndroidManifest.xml:65:15-47